# JRE version: Java(TM) SE Runtime Environment (7.0_40-b43) (build 1.7.0_40-b43)
# Java VM: Java HotSpot(TM) 64-Bit Server VM (24.0-b56 mixed mode linux-amd64 compressed oops)
Heap
 PSYoungGen      total 35328K, used 11910K [0x00000000ebe80000, 0x00000000efa80000, 0x0000000100000000)
  eden space 18432K, 37% used [0x00000000ebe80000,0x00000000ec551530,0x00000000ed080000)
  from space 16896K, 29% used [0x00000000eea00000,0x00000000eeed03e0,0x00000000efa80000)
  to   space 21504K, 0% used [0x00000000ed080000,0x00000000ed080000,0x00000000ee580000)
 ParOldGen       total 108032K, used 53342K [0x00000000c3c00000, 0x00000000ca580000, 0x00000000ebe80000)
  object space 108032K, 49% used [0x00000000c3c00000,0x00000000c7017800,0x00000000ca580000)
 PSPermGen       total 45568K, used 21311K [0x00000000bea00000, 0x00000000c1680000, 0x00000000c3c00000)
  object space 45568K, 46% used [0x00000000bea00000,0x00000000bfecfc48,0x00000000c1680000)
GC Heap History (10 events):
Event: 8,935 GC heap before
{Heap before GC invocations=6 (full 1):
 PSYoungGen      total 18432K, used 2555K [0x00000000ebe80000, 0x00000000eee00000, 0x0000000100000000)
  eden space 15872K, 0% used [0x00000000ebe80000,0x00000000ebe80000,0x00000000ece00000)
  from space 2560K, 99% used [0x00000000ece00000,0x00000000ed07ee70,0x00000000ed080000)
  to   space 16384K, 0% used [0x00000000ede00000,0x00000000ede00000,0x00000000eee00000)
 ParOldGen       total 40960K, used 32432K [0x00000000c3c00000, 0x00000000c6400000, 0x00000000ebe80000)
  object space 40960K, 79% used [0x00000000c3c00000,0x00000000c5bac1e0,0x00000000c6400000)
 PSPermGen       total 21504K, used 20154K [0x00000000bea00000, 0x00000000bff00000, 0x00000000c3c00000)
  object space 21504K, 93% used [0x00000000bea00000,0x00000000bfdaeb48,0x00000000bff00000)
Event: 9,024 GC heap after
Heap after GC invocations=6 (full 1):
 PSYoungGen      total 18432K, used 0K [0x00000000ebe80000, 0x00000000eee00000, 0x0000000100000000)
  eden space 15872K, 0% used [0x00000000ebe80000,0x00000000ebe80000,0x00000000ece00000)
  from space 2560K, 0% used [0x00000000ece00000,0x00000000ece00000,0x00000000ed080000)
  to   space 16384K, 0% used [0x00000000ede00000,0x00000000ede00000,0x00000000eee00000)
 ParOldGen       total 67584K, used 29811K [0x00000000c3c00000, 0x00000000c7e00000, 0x00000000ebe80000)
  object space 67584K, 44% used [0x00000000c3c00000,0x00000000c591ce00,0x00000000c7e00000)
 PSPermGen       total 40448K, used 20147K [0x00000000bea00000, 0x00000000c1180000, 0x00000000c3c00000)
  object space 40448K, 49% used [0x00000000bea00000,0x00000000bfdaccc8,0x00000000c1180000)
}
Event: 9,058 GC heap before
{Heap before GC invocations=7 (full 1):
 PSYoungGen      total 18432K, used 13000K [0x00000000ebe80000, 0x00000000eee00000, 0x0000000100000000)
  eden space 15872K, 81% used [0x00000000ebe80000,0x00000000ecb32248,0x00000000ece00000)
  from space 2560K, 0% used [0x00000000ece00000,0x00000000ece00000,0x00000000ed080000)
  to   space 16384K, 0% used [0x00000000ede00000,0x00000000ede00000,0x00000000eee00000)
 ParOldGen       total 67584K, used 29811K [0x00000000c3c00000, 0x00000000c7e00000, 0x00000000ebe80000)
  object space 67584K, 44% used [0x00000000c3c00000,0x00000000c591ce00,0x00000000c7e00000)
 PSPermGen       total 40448K, used 20147K [0x00000000bea00000, 0x00000000c1180000, 0x00000000c3c00000)
  object space 40448K, 49% used [0x00000000bea00000,0x00000000bfdacd90,0x00000000c1180000)
Event: 9,067 GC heap after
Heap after GC invocations=7 (full 1):
 PSYoungGen      total 29696K, used 16146K [0x00000000ebe80000, 0x00000000efe80000, 0x0000000100000000)
  eden space 13312K, 0% used [0x00000000ebe80000,0x00000000ebe80000,0x00000000ecb80000)
  from space 16384K, 98% used [0x00000000ede00000,0x00000000eedc4a50,0x00000000eee00000)
  to   space 18944K, 0% used [0x00000000ecb80000,0x00000000ecb80000,0x00000000ede00000)
 ParOldGen       total 67584K, used 36323K [0x00000000c3c00000, 0x00000000c7e00000, 0x00000000ebe80000)
  object space 67584K, 53% used [0x00000000c3c00000,0x00000000c5f78e20,0x00000000c7e00000)
 PSPermGen       total 40448K, used 20147K [0x00000000bea00000, 0x00000000c1180000, 0x00000000c3c00000)
  object space 40448K, 49% used [0x00000000bea00000,0x00000000bfdacd90,0x00000000c1180000)
}
Event: 9,748 GC heap before
{Heap before GC invocations=8 (full 1):
 PSYoungGen      total 29696K, used 29433K [0x00000000ebe80000, 0x00000000efe80000, 0x0000000100000000)
  eden space 13312K, 99% used [0x00000000ebe80000,0x00000000ecb79aa8,0x00000000ecb80000)
  from space 16384K, 98% used [0x00000000ede00000,0x00000000eedc4a50,0x00000000eee00000)
  to   space 18944K, 0% used [0x00000000ecb80000,0x00000000ecb80000,0x00000000ede00000)
 ParOldGen       total 67584K, used 36323K [0x00000000c3c00000, 0x00000000c7e00000, 0x00000000ebe80000)
  object space 67584K, 53% used [0x00000000c3c00000,0x00000000c5f78e20,0x00000000c7e00000)
 PSPermGen       total 40448K, used 20160K [0x00000000bea00000, 0x00000000c1180000, 0x00000000c3c00000)
  object space 40448K, 49% used [0x00000000bea00000,0x00000000bfdb02b0,0x00000000c1180000)
Event: 9,760 GC heap after
Heap after GC invocations=8 (full 1):
 PSYoungGen      total 32256K, used 17678K [0x00000000ebe80000, 0x00000000eff00000, 0x0000000100000000)
  eden space 13312K, 0% used [0x00000000ebe80000,0x00000000ebe80000,0x00000000ecb80000)
  from space 18944K, 93% used [0x00000000ecb80000,0x00000000edcc3ad0,0x00000000ede00000)
  to   space 21504K, 0% used [0x00000000eea00000,0x00000000eea00000,0x00000000eff00000)
 ParOldGen       total 67584K, used 52603K [0x00000000c3c00000, 0x00000000c7e00000, 0x00000000ebe80000)
  object space 67584K, 77% used [0x00000000c3c00000,0x00000000c6f5ee70,0x00000000c7e00000)
 PSPermGen       total 40448K, used 20160K [0x00000000bea00000, 0x00000000c1180000, 0x00000000c3c00000)
  object space 40448K, 49% used [0x00000000bea00000,0x00000000bfdb02b0,0x00000000c1180000)
}
Event: 9,760 GC heap before
{Heap before GC invocations=9 (full 2):
 PSYoungGen      total 32256K, used 17678K [0x00000000ebe80000, 0x00000000eff00000, 0x0000000100000000)
  eden space 13312K, 0% used [0x00000000ebe80000,0x00000000ebe80000,0x00000000ecb80000)
  from space 18944K, 93% used [0x00000000ecb80000,0x00000000edcc3ad0,0x00000000ede00000)
  to   space 21504K, 0% used [0x00000000eea00000,0x00000000eea00000,0x00000000eff00000)
 ParOldGen       total 67584K, used 52603K [0x00000000c3c00000, 0x00000000c7e00000, 0x00000000ebe80000)
  object space 67584K, 77% used [0x00000000c3c00000,0x00000000c6f5ee70,0x00000000c7e00000)
 PSPermGen       total 40448K, used 20160K [0x00000000bea00000, 0x00000000c1180000, 0x00000000c3c00000)
  object space 40448K, 49% used [0x00000000bea00000,0x00000000bfdb02b0,0x00000000c1180000)
Event: 9,797 GC heap after
Heap after GC invocations=9 (full 2):
 PSYoungGen      total 32256K, used 0K [0x00000000ebe80000, 0x00000000eff00000, 0x0000000100000000)
  eden space 13312K, 0% used [0x00000000ebe80000,0x00000000ebe80000,0x00000000ecb80000)
  from space 18944K, 0% used [0x00000000ecb80000,0x00000000ecb80000,0x00000000ede00000)
  to   space 21504K, 0% used [0x00000000eea00000,0x00000000eea00000,0x00000000eff00000)
 ParOldGen       total 108032K, used 53342K [0x00000000c3c00000, 0x00000000ca580000, 0x00000000ebe80000)
  object space 108032K, 49% used [0x00000000c3c00000,0x00000000c7017800,0x00000000ca580000)
 PSPermGen       total 45568K, used 20160K [0x00000000bea00000, 0x00000000c1680000, 0x00000000c3c00000)
  object space 45568K, 44% used [0x00000000bea00000,0x00000000bfdb02b0,0x00000000c1680000)
}
Event: 17,283 GC heap before
{Heap before GC invocations=10 (full 2):
 PSYoungGen      total 32256K, used 13312K [0x00000000ebe80000, 0x00000000eff00000, 0x0000000100000000)
  eden space 13312K, 100% used [0x00000000ebe80000,0x00000000ecb80000,0x00000000ecb80000)
  from space 18944K, 0% used [0x00000000ecb80000,0x00000000ecb80000,0x00000000ede00000)
  to   space 21504K, 0% used [0x00000000eea00000,0x00000000eea00000,0x00000000eff00000)
 ParOldGen       total 108032K, used 53342K [0x00000000c3c00000, 0x00000000ca580000, 0x00000000ebe80000)
  object space 108032K, 49% used [0x00000000c3c00000,0x00000000c7017800,0x00000000ca580000)
 PSPermGen       total 45568K, used 21082K [0x00000000bea00000, 0x00000000c1680000, 0x00000000c3c00000)
  object space 45568K, 46% used [0x00000000bea00000,0x00000000bfe96b00,0x00000000c1680000)
Event: 17,286 GC heap after
Heap after GC invocations=10 (full 2):
 PSYoungGen      total 35328K, used 4928K [0x00000000ebe80000, 0x00000000efa80000, 0x0000000100000000)
  eden space 18432K, 0% used [0x00000000ebe80000,0x00000000ebe80000,0x00000000ed080000)
  from space 16896K, 29% used [0x00000000eea00000,0x00000000eeed03e0,0x00000000efa80000)
  to   space 21504K, 0% used [0x00000000ed080000,0x00000000ed080000,0x00000000ee580000)
 ParOldGen       total 108032K, used 53342K [0x00000000c3c00000, 0x00000000ca580000, 0x00000000ebe80000)
  object space 108032K, 49% used [0x00000000c3c00000,0x00000000c7017800,0x00000000ca580000)
 PSPermGen       total 45568K, used 21082K [0x00000000bea00000, 0x00000000c1680000, 0x00000000c3c00000)
  object space 45568K, 46% used [0x00000000bea00000,0x00000000bfe96b00,0x00000000c1680000)
}

