# JRE version: Java(TM) SE Runtime Environment (7.0_40-b43) (build 1.7.0_40-b43)
# Java VM: Java HotSpot(TM) 64-Bit Server VM (24.0-b56 mixed mode linux-amd64 compressed oops)
Heap
 PSYoungGen      total 28160K, used 161K [0x00000000ebe80000, 0x00000000eee00000, 0x0000000100000000)
  eden space 13824K, 1% used [0x00000000ebe80000,0x00000000ebea84a8,0x00000000ecc00000)
  from space 14336K, 0% used [0x00000000ecc00000,0x00000000ecc00000,0x00000000eda00000)
  to   space 17408K, 0% used [0x00000000edd00000,0x00000000edd00000,0x00000000eee00000)
 ParOldGen       total 62976K, used 37345K [0x00000000c3c00000, 0x00000000c7980000, 0x00000000ebe80000)
  object space 62976K, 59% used [0x00000000c3c00000,0x00000000c60786d0,0x00000000c7980000)
 PSPermGen       total 43008K, used 21306K [0x00000000bea00000, 0x00000000c1400000, 0x00000000c3c00000)
  object space 43008K, 49% used [0x00000000bea00000,0x00000000bfece8f8,0x00000000c1400000)
GC Heap History (10 events):
Event: 51,131 GC heap before
{Heap before GC invocations=6 (full 0):
 PSYoungGen      total 18432K, used 18420K [0x00000000ebe80000, 0x00000000ee600000, 0x0000000100000000)
  eden space 15872K, 100% used [0x00000000ebe80000,0x00000000ece00000,0x00000000ece00000)
  from space 2560K, 99% used [0x00000000ece00000,0x00000000ed07d2e0,0x00000000ed080000)
  to   space 12288K, 0% used [0x00000000eda00000,0x00000000eda00000,0x00000000ee600000)
 ParOldGen       total 40960K, used 27559K [0x00000000c3c00000, 0x00000000c6400000, 0x00000000ebe80000)
  object space 40960K, 67% used [0x00000000c3c00000,0x00000000c56e9e60,0x00000000c6400000)
 PSPermGen       total 21504K, used 21158K [0x00000000bea00000, 0x00000000bff00000, 0x00000000c3c00000)
  object space 21504K, 98% used [0x00000000bea00000,0x00000000bfea9bb0,0x00000000bff00000)
Event: 51,137 GC heap after
Heap after GC invocations=6 (full 0):
 PSYoungGen      total 27648K, used 2932K [0x00000000ebe80000, 0x00000000ee700000, 0x0000000100000000)
  eden space 15360K, 0% used [0x00000000ebe80000,0x00000000ebe80000,0x00000000ecd80000)
  from space 12288K, 23% used [0x00000000eda00000,0x00000000edcdd208,0x00000000ee600000)
  to   space 12800K, 0% used [0x00000000ecd80000,0x00000000ecd80000,0x00000000eda00000)
 ParOldGen       total 40960K, used 27567K [0x00000000c3c00000, 0x00000000c6400000, 0x00000000ebe80000)
  object space 40960K, 67% used [0x00000000c3c00000,0x00000000c56ebe60,0x00000000c6400000)
 PSPermGen       total 21504K, used 21158K [0x00000000bea00000, 0x00000000bff00000, 0x00000000c3c00000)
  object space 21504K, 98% used [0x00000000bea00000,0x00000000bfea9bb0,0x00000000bff00000)
}
Event: 57,354 GC heap before
{Heap before GC invocations=7 (full 0):
 PSYoungGen      total 27648K, used 18196K [0x00000000ebe80000, 0x00000000ee700000, 0x0000000100000000)
  eden space 15360K, 99% used [0x00000000ebe80000,0x00000000ecd680c8,0x00000000ecd80000)
  from space 12288K, 23% used [0x00000000eda00000,0x00000000edcdd208,0x00000000ee600000)
  to   space 12800K, 0% used [0x00000000ecd80000,0x00000000ecd80000,0x00000000eda00000)
 ParOldGen       total 40960K, used 27567K [0x00000000c3c00000, 0x00000000c6400000, 0x00000000ebe80000)
  object space 40960K, 67% used [0x00000000c3c00000,0x00000000c56ebe60,0x00000000c6400000)
 PSPermGen       total 21504K, used 21229K [0x00000000bea00000, 0x00000000bff00000, 0x00000000c3c00000)
  object space 21504K, 98% used [0x00000000bea00000,0x00000000bfebb700,0x00000000bff00000)
Event: 57,360 GC heap after
Heap after GC invocations=7 (full 0):
 PSYoungGen      total 28160K, used 8945K [0x00000000ebe80000, 0x00000000ee680000, 0x0000000100000000)
  eden space 15360K, 0% used [0x00000000ebe80000,0x00000000ebe80000,0x00000000ecd80000)
  from space 12800K, 69% used [0x00000000ecd80000,0x00000000ed63c498,0x00000000eda00000)
  to   space 12800K, 0% used [0x00000000eda00000,0x00000000eda00000,0x00000000ee680000)
 ParOldGen       total 40960K, used 28183K [0x00000000c3c00000, 0x00000000c6400000, 0x00000000ebe80000)
  object space 40960K, 68% used [0x00000000c3c00000,0x00000000c5785eb0,0x00000000c6400000)
 PSPermGen       total 21504K, used 21229K [0x00000000bea00000, 0x00000000bff00000, 0x00000000c3c00000)
  object space 21504K, 98% used [0x00000000bea00000,0x00000000bfebb700,0x00000000bff00000)
}
Event: 69,895 GC heap before
{Heap before GC invocations=8 (full 0):
 PSYoungGen      total 28160K, used 24305K [0x00000000ebe80000, 0x00000000ee680000, 0x0000000100000000)
  eden space 15360K, 100% used [0x00000000ebe80000,0x00000000ecd80000,0x00000000ecd80000)
  from space 12800K, 69% used [0x00000000ecd80000,0x00000000ed63c498,0x00000000eda00000)
  to   space 12800K, 0% used [0x00000000eda00000,0x00000000eda00000,0x00000000ee680000)
 ParOldGen       total 40960K, used 28183K [0x00000000c3c00000, 0x00000000c6400000, 0x00000000ebe80000)
  object space 40960K, 68% used [0x00000000c3c00000,0x00000000c5785eb0,0x00000000c6400000)
 PSPermGen       total 21504K, used 21300K [0x00000000bea00000, 0x00000000bff00000, 0x00000000c3c00000)
  object space 21504K, 99% used [0x00000000bea00000,0x00000000bfecd0c8,0x00000000bff00000)
Event: 69,903 GC heap after
Heap after GC invocations=8 (full 0):
 PSYoungGen      total 26624K, used 12130K [0x00000000ebe80000, 0x00000000ee980000, 0x0000000100000000)
  eden space 13824K, 0% used [0x00000000ebe80000,0x00000000ebe80000,0x00000000ecc00000)
  from space 12800K, 94% used [0x00000000eda00000,0x00000000ee5d8928,0x00000000ee680000)
  to   space 14336K, 0% used [0x00000000ecc00000,0x00000000ecc00000,0x00000000eda00000)
 ParOldGen       total 40960K, used 29271K [0x00000000c3c00000, 0x00000000c6400000, 0x00000000ebe80000)
  object space 40960K, 71% used [0x00000000c3c00000,0x00000000c5895c30,0x00000000c6400000)
 PSPermGen       total 21504K, used 21300K [0x00000000bea00000, 0x00000000bff00000, 0x00000000c3c00000)
  object space 21504K, 99% used [0x00000000bea00000,0x00000000bfecd0c8,0x00000000bff00000)
}
Event: 70,893 GC heap before
{Heap before GC invocations=9 (full 0):
 PSYoungGen      total 26624K, used 25954K [0x00000000ebe80000, 0x00000000ee980000, 0x0000000100000000)
  eden space 13824K, 100% used [0x00000000ebe80000,0x00000000ecc00000,0x00000000ecc00000)
  from space 12800K, 94% used [0x00000000eda00000,0x00000000ee5d8928,0x00000000ee680000)
  to   space 14336K, 0% used [0x00000000ecc00000,0x00000000ecc00000,0x00000000eda00000)
 ParOldGen       total 40960K, used 29271K [0x00000000c3c00000, 0x00000000c6400000, 0x00000000ebe80000)
  object space 40960K, 71% used [0x00000000c3c00000,0x00000000c5895c30,0x00000000c6400000)
 PSPermGen       total 21504K, used 21310K [0x00000000bea00000, 0x00000000bff00000, 0x00000000c3c00000)
  object space 21504K, 99% used [0x00000000bea00000,0x00000000bfecfb68,0x00000000bff00000)
Event: 70,900 GC heap after
Heap after GC invocations=9 (full 0):
 PSYoungGen      total 28160K, used 14312K [0x00000000ebe80000, 0x00000000eee00000, 0x0000000100000000)
  eden space 13824K, 0% used [0x00000000ebe80000,0x00000000ebe80000,0x00000000ecc00000)
  from space 14336K, 99% used [0x00000000ecc00000,0x00000000ed9fa090,0x00000000eda00000)
  to   space 17408K, 0% used [0x00000000edd00000,0x00000000edd00000,0x00000000eee00000)
 ParOldGen       total 40960K, used 31927K [0x00000000c3c00000, 0x00000000c6400000, 0x00000000ebe80000)
  object space 40960K, 77% used [0x00000000c3c00000,0x00000000c5b2dd08,0x00000000c6400000)
 PSPermGen       total 21504K, used 21310K [0x00000000bea00000, 0x00000000bff00000, 0x00000000c3c00000)
  object space 21504K, 99% used [0x00000000bea00000,0x00000000bfecfb68,0x00000000bff00000)
}
Event: 70,900 GC heap before
{Heap before GC invocations=10 (full 1):
 PSYoungGen      total 28160K, used 14312K [0x00000000ebe80000, 0x00000000eee00000, 0x0000000100000000)
  eden space 13824K, 0% used [0x00000000ebe80000,0x00000000ebe80000,0x00000000ecc00000)
  from space 14336K, 99% used [0x00000000ecc00000,0x00000000ed9fa090,0x00000000eda00000)
  to   space 17408K, 0% used [0x00000000edd00000,0x00000000edd00000,0x00000000eee00000)
 ParOldGen       total 40960K, used 31927K [0x00000000c3c00000, 0x00000000c6400000, 0x00000000ebe80000)
  object space 40960K, 77% used [0x00000000c3c00000,0x00000000c5b2dd08,0x00000000c6400000)
 PSPermGen       total 21504K, used 21310K [0x00000000bea00000, 0x00000000bff00000, 0x00000000c3c00000)
  object space 21504K, 99% used [0x00000000bea00000,0x00000000bfecfb68,0x00000000bff00000)
Event: 70,992 GC heap after
Heap after GC invocations=10 (full 1):
 PSYoungGen      total 28160K, used 0K [0x00000000ebe80000, 0x00000000eee00000, 0x0000000100000000)
  eden space 13824K, 0% used [0x00000000ebe80000,0x00000000ebe80000,0x00000000ecc00000)
  from space 14336K, 0% used [0x00000000ecc00000,0x00000000ecc00000,0x00000000eda00000)
  to   space 17408K, 0% used [0x00000000edd00000,0x00000000edd00000,0x00000000eee00000)
 ParOldGen       total 62976K, used 37345K [0x00000000c3c00000, 0x00000000c7980000, 0x00000000ebe80000)
  object space 62976K, 59% used [0x00000000c3c00000,0x00000000c60786d0,0x00000000c7980000)
 PSPermGen       total 43008K, used 21305K [0x00000000bea00000, 0x00000000c1400000, 0x00000000c3c00000)
  object space 43008K, 49% used [0x00000000bea00000,0x00000000bfece5e8,0x00000000c1400000)
}

